makeRequest 1. TextureId: 148
makeRequest 1. TextureId: 148
makeRequest 1. TextureId: 148
makeRequest 1. TextureId: 148
makeRequest 1. TextureId: 148
makeRequest 1. TextureId: 148
makeRequest 1. TextureId: 148
makeRequest 1. TextureId: 148
makeRequest 1. TextureId: 148
makeRequest 1. TextureId: 148
makeRequest 1. TextureId: 148
makeRequest 1. TextureId: 148
makeRequest 1. TextureId: 148
makeRequest 1. TextureId: 148
makeRequest 1. TextureId: 148
makeRequest 1. TextureId: 148
makeRequest 1. TextureId: 147
makeRequest 2. size: 42015360
makeRequest 3. width: 1185
makeRequest 1. TextureId: 147
makeRequest 2. size: 42015360
makeRequest 3. width: 1185
makeRequest 1. TextureId: 147
makeRequest 2. size: 42015360
makeRequest 3. width: 1185
makeRequest 1. TextureId: 147
makeRequest 2. size: 42015360
makeRequest 3. width: 1185
makeRequest 1. TextureId: 147
makeRequest 2. size: 42015360
makeRequest 3. width: 1185
makeRequest 1. TextureId: 147
makeRequest 2. size: 42015360
makeRequest 3. width: 1185
makeRequest 1. TextureId: 147
makeRequest 2. size: 42015360
makeRequest 3. width: 1185
makeRequest 1. TextureId: 147
makeRequest 2. size: 42015360
makeRequest 3. width: 1185
makeRequest 1. TextureId: 147
makeRequest 2. size: 42015360
makeRequest 3. width: 1185
makeRequest 1. TextureId: 147
makeRequest 2. size: 42015360
makeRequest 3. width: 1185
makeRequest 1. TextureId: 147
makeRequest 2. size: 42015360
makeRequest 3. width: 1185
makeRequest 1. TextureId: 147
makeRequest 2. size: 42015360
makeRequest 3. width: 1185
makeRequest 1. TextureId: 147
makeRequest 2. size: 42015360
makeRequest 3. width: 1185
makeRequest 1. TextureId: 147
makeRequest 2. size: 42015360
makeRequest 3. width: 1185
makeRequest 1. TextureId: 147
makeRequest 2. size: 42015360
makeRequest 3. width: 1185
makeRequest 1. TextureId: 147
makeRequest 2. size: 42015360
makeRequest 3. width: 1185
makeRequest 1. TextureId: 147
makeRequest 2. size: 42015360
makeRequest 3. width: 1185
makeRequest 1. TextureId: 147
makeRequest 2. size: 42015360
makeRequest 3. width: 1185
makeRequest 1. TextureId: 147
makeRequest 2. size: 42015360
makeRequest 3. width: 1185
makeRequest 1. TextureId: 147
makeRequest 2. size: 42015360
makeRequest 3. width: 1185
makeRequest 1. TextureId: 147
makeRequest 2. size: 42015360
makeRequest 3. width: 1185
makeRequest 1. TextureId: 147
makeRequest 2. size: 42015360
makeRequest 3. width: 1185
makeRequest 1. TextureId: 147
makeRequest 2. size: 42015360
makeRequest 3. width: 1185
makeRequest 1. TextureId: 147
makeRequest 2. size: 42015360
makeRequest 3. width: 1185
makeRequest 1. TextureId: 147
makeRequest 2. size: 42015360
makeRequest 3. width: 1185
makeRequest 1. TextureId: 147
makeRequest 2. size: 42015360
makeRequest 3. width: 1185
makeRequest 1. TextureId: 147
makeRequest 2. size: 42015360
makeRequest 3. width: 1185
makeRequest 1. TextureId: 147
makeRequest 2. size: 42015360
makeRequest 3. width: 1185
makeRequest 1. TextureId: 147
makeRequest 2. size: 42015360
makeRequest 3. width: 1185
makeRequest 1. TextureId: 147
makeRequest 2. size: 42015360
makeRequest 3. width: 1185
makeRequest 1. TextureId: 147
makeRequest 2. size: 42015360
makeRequest 3. width: 1185
makeRequest 1. TextureId: 147
makeRequest 2. size: 42015360
makeRequest 3. width: 1185
makeRequest 1. TextureId: 147
makeRequest 2. size: 42015360
makeRequest 3. width: 1185
makeRequest 1. TextureId: 147
makeRequest 2. size: 42015360
makeRequest 3. width: 1185
makeRequest 1. TextureId: 147
makeRequest 2. size: 42015360
makeRequest 3. width: 1185
makeRequest 1. TextureId: 147
makeRequest 2. size: 42015360
makeRequest 3. width: 1185
makeRequest 1. TextureId: 147
makeRequest 2. size: 42015360
makeRequest 3. width: 1185
makeRequest 1. TextureId: 147
makeRequest 2. size: 42015360
makeRequest 3. width: 1185
makeRequest 1. TextureId: 147
makeRequest 2. size: 42015360
makeRequest 3. width: 1185
makeRequest 1. TextureId: 147
makeRequest 2. size: 42015360
makeRequest 3. width: 1185
makeRequest 1. TextureId: 147
makeRequest 2. size: 42015360
makeRequest 3. width: 1185
makeRequest 1. TextureId: 147
makeRequest 2. size: 42015360
makeRequest 3. width: 1185
makeRequest 1. TextureId: 147
makeRequest 2. size: 42015360
makeRequest 3. width: 1185
makeRequest 1. TextureId: 147
makeRequest 2. size: 42015360
makeRequest 3. width: 1185
makeRequest 1. TextureId: 147
makeRequest 2. size: 42015360
makeRequest 3. width: 1185
makeRequest 1. TextureId: 147
makeRequest 2. size: 42015360
makeRequest 3. width: 1185
makeRequest 1. TextureId: 147
makeRequest 2. size: 42015360
makeRequest 3. width: 1185
makeRequest 1. TextureId: 147
makeRequest 2. size: 42015360
makeRequest 3. width: 1185
makeRequest 1. TextureId: 147
makeRequest 2. size: 42015360
makeRequest 3. width: 1185
makeRequest 1. TextureId: 147
makeRequest 2. size: 42015360
makeRequest 3. width: 1185
makeRequest 1. TextureId: 147
makeRequest 2. size: 42015360
makeRequest 3. width: 1185
makeRequest 1. TextureId: 147
makeRequest 2. size: 42015360
makeRequest 3. width: 1185
makeRequest 1. TextureId: 147
makeRequest 2. size: 42015360
makeRequest 3. width: 1185
makeRequest 1. TextureId: 147
makeRequest 2. size: 42015360
makeRequest 3. width: 1185
makeRequest 1. TextureId: 147
makeRequest 2. size: 42015360
makeRequest 3. width: 1185
makeRequest 1. TextureId: 147
makeRequest 2. size: 42015360
makeRequest 3. width: 1185
makeRequest 1. TextureId: 147
makeRequest 2. size: 42015360
makeRequest 3. width: 1185
makeRequest 1. TextureId: 147
makeRequest 2. size: 42015360
makeRequest 3. width: 1185
makeRequest 1. TextureId: 147
makeRequest 2. size: 42015360
makeRequest 3. width: 1185
makeRequest 1. TextureId: 147
makeRequest 2. size: 42015360
makeRequest 3. width: 1185
makeRequest 1. TextureId: 147
makeRequest 2. size: 42015360
makeRequest 3. width: 1185
makeRequest 1. TextureId: 147
makeRequest 2. size: 42015360
makeRequest 3. width: 1185
makeRequest 1. TextureId: 147
makeRequest 2. size: 42015360
makeRequest 3. width: 1185
makeRequest 1. TextureId: 147
makeRequest 2. size: 42015360
makeRequest 3. width: 1185
makeRequest 1. TextureId: 147
makeRequest 2. size: 42015360
makeRequest 3. width: 1185
makeRequest 1. TextureId: 147
makeRequest 2. size: 42015360
makeRequest 3. width: 1185
makeRequest 1. TextureId: 147
makeRequest 2. size: 42015360
makeRequest 3. width: 1185
makeRequest 1. TextureId: 147
makeRequest 2. size: 42015360
makeRequest 3. width: 1185
makeRequest 1. TextureId: 147
makeRequest 2. size: 42015360
makeRequest 3. width: 1185
makeRequest 1. TextureId: 147
makeRequest 2. size: 42015360
makeRequest 3. width: 1185
makeRequest 1. TextureId: 147
makeRequest 2. size: 42015360
makeRequest 3. width: 1185
makeRequest 1. TextureId: 147
makeRequest 2. size: 42015360
makeRequest 3. width: 1185
makeRequest 1. TextureId: 147
makeRequest 2. size: 42015360
makeRequest 3. width: 1185
makeRequest 1. TextureId: 147
makeRequest 2. size: 42015360
makeRequest 3. width: 1185
makeRequest 1. TextureId: 147
makeRequest 2. size: 42015360
makeRequest 3. width: 1185
makeRequest 1. TextureId: 147
makeRequest 2. size: 42015360
makeRequest 3. width: 1185
makeRequest 1. TextureId: 147
makeRequest 2. size: 42015360
makeRequest 3. width: 1185
makeRequest 1. TextureId: 147
makeRequest 2. size: 42015360
makeRequest 3. width: 1185
makeRequest 1. TextureId: 147
makeRequest 2. size: 42015360
makeRequest 3. width: 1185
makeRequest 1. TextureId: 147
makeRequest 2. size: 42015360
makeRequest 3. width: 1185
makeRequest 1. TextureId: 147
makeRequest 2. size: 42015360
makeRequest 3. width: 1185
makeRequest 1. TextureId: 147
makeRequest 2. size: 42015360
makeRequest 3. width: 1185
makeRequest 1. TextureId: 147
makeRequest 2. size: 42015360
makeRequest 3. width: 1185
makeRequest 1. TextureId: 147
makeRequest 2. size: 42015360
makeRequest 3. width: 1185
makeRequest 1. TextureId: 147
makeRequest 2. size: 42015360
makeRequest 3. width: 1185
makeRequest 1. TextureId: 147
makeRequest 2. size: 42015360
makeRequest 3. width: 1185
makeRequest 1. TextureId: 147
makeRequest 2. size: 42015360
makeRequest 3. width: 1185
makeRequest 1. TextureId: 147
makeRequest 2. size: 42015360
makeRequest 3. width: 1185
makeRequest 1. TextureId: 147
makeRequest 2. size: 42015360
makeRequest 3. width: 1185
makeRequest 1. TextureId: 148
makeRequest 2. size: 42015360
makeRequest 3. width: 1185
makeRequest 1. TextureId: 148
makeRequest 2. size: 42015360
makeRequest 3. width: 1185
makeRequest 1. TextureId: 148
makeRequest 2. size: 42015360
makeRequest 3. width: 1185
makeRequest 1. TextureId: 148
makeRequest 2. size: 42015360
makeRequest 3. width: 1185
makeRequest 1. TextureId: 148
makeRequest 2. size: 42015360
makeRequest 3. width: 1185
makeRequest 1. TextureId: 148
makeRequest 2. size: 42015360
makeRequest 3. width: 1185
makeRequest 1. TextureId: 148
makeRequest 2. size: 42015360
makeRequest 3. width: 1185
makeRequest 1. TextureId: 148
makeRequest 2. size: 42015360
makeRequest 3. width: 1185
makeRequest 1. TextureId: 148
makeRequest 2. size: 42015360
makeRequest 3. width: 1185
makeRequest 1. TextureId: 148
makeRequest 2. size: 42015360
makeRequest 3. width: 1185
makeRequest 1. TextureId: 148
makeRequest 2. size: 42015360
makeRequest 3. width: 1185
makeRequest 1. TextureId: 148
makeRequest 2. size: 42015360
makeRequest 3. width: 1185
makeRequest 1. TextureId: 148
makeRequest 2. size: 42015360
makeRequest 3. width: 1185
makeRequest 1. TextureId: 148
makeRequest 2. size: 42015360
makeRequest 3. width: 1185
makeRequest 1. TextureId: 148
makeRequest 2. size: 42015360
makeRequest 3. width: 1185
makeRequest 1. TextureId: 148
makeRequest 2. size: 42015360
makeRequest 3. width: 1185
makeRequest 1. TextureId: 148
makeRequest 2. size: 42015360
makeRequest 3. width: 1185
makeRequest 1. TextureId: 148
makeRequest 2. size: 42015360
makeRequest 3. width: 1185
makeRequest 1. TextureId: 148
makeRequest 2. size: 42015360
makeRequest 3. width: 1185
makeRequest 1. TextureId: 148
makeRequest 2. size: 42015360
makeRequest 3. width: 1185
makeRequest 1. TextureId: 148
makeRequest 2. size: 42015360
makeRequest 3. width: 1185
makeRequest 1. TextureId: 148
makeRequest 2. size: 42015360
makeRequest 3. width: 1185
makeRequest 1. TextureId: 148
makeRequest 2. size: 42015360
makeRequest 3. width: 1185
makeRequest 1. TextureId: 148
makeRequest 2. size: 42015360
makeRequest 3. width: 1185
makeRequest 1. TextureId: 148
makeRequest 2. size: 42015360
makeRequest 3. width: 1185
makeRequest 1. TextureId: 148
makeRequest 2. size: 42015360
makeRequest 3. width: 1185
makeRequest 1. TextureId: 148
makeRequest 2. size: 42015360
makeRequest 3. width: 1185
makeRequest 1. TextureId: 148
makeRequest 2. size: 42015360
makeRequest 3. width: 1185
makeRequest 1. TextureId: 148
makeRequest 2. size: 42015360
makeRequest 3. width: 1185
makeRequest 1. TextureId: 148
makeRequest 2. size: 42015360
makeRequest 3. width: 1185
makeRequest 1. TextureId: 148
makeRequest 2. size: 42015360
makeRequest 3. width: 1185
makeRequest 1. TextureId: 148
makeRequest 2. size: 42015360
makeRequest 3. width: 1185
makeRequest 1. TextureId: 148
makeRequest 2. size: 42015360
makeRequest 3. width: 1185
makeRequest 1. TextureId: 148
makeRequest 2. size: 42015360
makeRequest 3. width: 1185
makeRequest 1. TextureId: 148
makeRequest 2. size: 42015360
makeRequest 3. width: 1185
makeRequest 1. TextureId: 148
makeRequest 2. size: 42015360
makeRequest 3. width: 1185
makeRequest 1. TextureId: 148
makeRequest 2. size: 42015360
makeRequest 3. width: 1185
makeRequest 1. TextureId: 148
makeRequest 2. size: 42015360
makeRequest 3. width: 1185
makeRequest 1. TextureId: 148
makeRequest 2. size: 42015360
makeRequest 3. width: 1185
makeRequest 1. TextureId: 148
makeRequest 2. size: 42015360
makeRequest 3. width: 1185
makeRequest 1. TextureId: 148
makeRequest 2. size: 42015360
makeRequest 3. width: 1185
makeRequest 1. TextureId: 148
makeRequest 2. size: 42015360
makeRequest 3. width: 1185
makeRequest 1. TextureId: 148
makeRequest 2. size: 42015360
makeRequest 3. width: 1185
makeRequest 1. TextureId: 148
makeRequest 2. size: 42015360
makeRequest 3. width: 1185
makeRequest 1. TextureId: 148
makeRequest 2. size: 42015360
makeRequest 3. width: 1185
makeRequest 1. TextureId: 148
makeRequest 2. size: 42015360
makeRequest 3. width: 1185
makeRequest 1. TextureId: 148
makeRequest 2. size: 42015360
makeRequest 3. width: 1185
makeRequest 1. TextureId: 148
makeRequest 2. size: 42015360
makeRequest 3. width: 1185
makeRequest 1. TextureId: 148
makeRequest 2. size: 42015360
makeRequest 3. width: 1185
makeRequest 1. TextureId: 148
makeRequest 2. size: 42015360
makeRequest 3. width: 1185
makeRequest 1. TextureId: 148
makeRequest 2. size: 42015360
makeRequest 3. width: 1185
makeRequest 1. TextureId: 148
makeRequest 2. size: 42015360
makeRequest 3. width: 1185
makeRequest 1. TextureId: 148
makeRequest 2. size: 42015360
makeRequest 3. width: 1185
makeRequest 1. TextureId: 148
makeRequest 2. size: 42015360
makeRequest 3. width: 1185
makeRequest 1. TextureId: 148
makeRequest 2. size: 42015360
makeRequest 3. width: 1185
makeRequest 1. TextureId: 148
makeRequest 2. size: 42015360
makeRequest 3. width: 1185
makeRequest 1. TextureId: 148
makeRequest 2. size: 42015360
makeRequest 3. width: 1185
makeRequest 1. TextureId: 148
makeRequest 2. size: 42015360
makeRequest 3. width: 1185
makeRequest 1. TextureId: 148
makeRequest 2. size: 42015360
makeRequest 3. width: 1185
makeRequest 1. TextureId: 182
makeRequest 2. size: 42015360
makeRequest 2. width: 1185
makeRequest 2. height: 554
makeRequest 2. depth: 1
makeRequest 2. internal_format: 34842
makeRequest 3
makeRequest 4
makeRequest 1. TextureId: 182
makeRequest 2. size: 42015360
makeRequest 2. width: 1185
makeRequest 2. height: 554
makeRequest 2. depth: 1
makeRequest 2. internal_format: 34842
makeRequest 3
makeRequest 4
makeRequest 1. TextureId: 182
makeRequest 2. size: 42015360
makeRequest 2. width: 1185
makeRequest 2. height: 554
makeRequest 2. depth: 1
makeRequest 2. internal_format: 34842
makeRequest 3
makeRequest 4
makeRequest 1. TextureId: 182
makeRequest 2. size: 42015360
makeRequest 2. width: 1185
makeRequest 2. height: 554
makeRequest 2. depth: 1
makeRequest 2. internal_format: 34842
makeRequest 3
makeRequest 4
makeRequest 1. TextureId: 182
makeRequest 2. size: 42015360
makeRequest 2. width: 1185
makeRequest 2. height: 554
makeRequest 2. depth: 1
makeRequest 2. internal_format: 34842
makeRequest 3
makeRequest 4
makeRequest 1. TextureId: 182
makeRequest 2. size: 42015360
makeRequest 2. width: 1185
makeRequest 2. height: 554
makeRequest 2. depth: 1
makeRequest 2. internal_format: 34842
makeRequest 3
makeRequest 4
makeRequest 1. TextureId: 182
makeRequest 2. size: 42015360
makeRequest 2. width: 1185
makeRequest 2. height: 554
makeRequest 2. depth: 1
makeRequest 2. internal_format: 34842
makeRequest 3
makeRequest 4
